0 info it worked if it ends with ok
1 verbose cli [ 'node', '/usr/local/bin/npm', 'publish' ]
2 info using npm@1.4.13
3 info using node@v0.10.28
4 verbose publish [ '.' ]
5 verbose cache add [ '.', null ]
6 verbose cache add name=undefined spec="." args=[".",null]
7 verbose parsed url { protocol: null,
7 verbose parsed url   slashes: null,
7 verbose parsed url   auth: null,
7 verbose parsed url   host: null,
7 verbose parsed url   port: null,
7 verbose parsed url   hostname: null,
7 verbose parsed url   hash: null,
7 verbose parsed url   search: null,
7 verbose parsed url   query: null,
7 verbose parsed url   pathname: '.',
7 verbose parsed url   path: '.',
7 verbose parsed url   href: '.' }
8 silly lockFile 3a52ce78- .
9 verbose lock . /Users/marco/.npm/3a52ce78-.lock
10 verbose tar pack [ '/Users/marco/.npm/arest/0.1.0/package.tgz', '.' ]
11 verbose tarball /Users/marco/.npm/arest/0.1.0/package.tgz
12 verbose folder .
13 info prepublish arest@0.1.0
14 silly lockFile 1f1177db-tar tar://.
15 verbose lock tar://. /Users/marco/.npm/1f1177db-tar.lock
16 silly lockFile dc6e4f90-arco-npm-arest-0-1-0-package-tgz tar:///Users/marco/.npm/arest/0.1.0/package.tgz
17 verbose lock tar:///Users/marco/.npm/arest/0.1.0/package.tgz /Users/marco/.npm/dc6e4f90-arco-npm-arest-0-1-0-package-tgz.lock
18 silly lockFile 1f1177db-tar tar://.
19 silly lockFile 1f1177db-tar tar://.
20 silly lockFile dc6e4f90-arco-npm-arest-0-1-0-package-tgz tar:///Users/marco/.npm/arest/0.1.0/package.tgz
21 silly lockFile dc6e4f90-arco-npm-arest-0-1-0-package-tgz tar:///Users/marco/.npm/arest/0.1.0/package.tgz
22 silly lockFile 8875790b-rs-marco-npm-arest-0-1-0-package /Users/marco/.npm/arest/0.1.0/package
23 verbose lock /Users/marco/.npm/arest/0.1.0/package /Users/marco/.npm/8875790b-rs-marco-npm-arest-0-1-0-package.lock
24 silly lockFile 8875790b-rs-marco-npm-arest-0-1-0-package /Users/marco/.npm/arest/0.1.0/package
25 silly lockFile 8875790b-rs-marco-npm-arest-0-1-0-package /Users/marco/.npm/arest/0.1.0/package
26 silly lockFile 3a52ce78- .
27 silly lockFile 3a52ce78- .
28 silly publish { name: 'arest',
28 silly publish   version: '0.1.0',
28 silly publish   description: 'A Node.JS module for the aREST Arduino library',
28 silly publish   main: 'index.js',
28 silly publish   scripts: { test: 'echo "Error: no test specified" && exit 1' },
28 silly publish   repository:
28 silly publish    { type: 'git',
28 silly publish      url: 'https://github.com/marcoschwartz/node-aREST' },
28 silly publish   keywords: [ 'arduino' ],
28 silly publish   author:
28 silly publish    { name: 'Marco Schwartz',
28 silly publish      email: 'marcolivier.schwartz@gmail.com',
28 silly publish      url: 'http://www.marcoschwartz.com/' },
28 silly publish   license: 'ISC',
28 silly publish   bugs: { url: 'https://github.com/marcoschwartz/node-aREST/issues' },
28 silly publish   homepage: 'https://github.com/marcoschwartz/node-aREST',
28 silly publish   readme: 'node-aREST\n==========\n\nNode.JS module for the aREST Arduino library\n',
28 silly publish   readmeFilename: 'README.md',
28 silly publish   gitHead: 'fd7fc85687748a23652a820369ce5c9dc70b7112',
28 silly publish   _id: 'arest@0.1.0',
28 silly publish   _shasum: 'cafcecb3563cffe68b0b6b817fbb3e01fdf2cbd2',
28 silly publish   _from: '.' }
29 verbose url raw arest
30 verbose url resolving [ 'https://registry.npmjs.org/', './arest' ]
31 verbose url resolved https://registry.npmjs.org/arest
32 info trying registry request attempt 1 at 13:31:03
33 http PUT https://registry.npmjs.org/arest
34 http 403 https://registry.npmjs.org/arest
35 verbose headers { date: 'Sat, 14 Jun 2014 11:31:04 GMT',
35 verbose headers   server: 'CouchDB/1.5.0 (Erlang OTP/R14B04)',
35 verbose headers   'content-type': 'application/json',
35 verbose headers   'cache-control': 'max-age=30',
35 verbose headers   'content-length': '2426',
35 verbose headers   'accept-ranges': 'bytes',
35 verbose headers   via: '1.1 varnish',
35 verbose headers   'x-served-by': 'cache-ams4129-AMS',
35 verbose headers   'x-cache': 'MISS',
35 verbose headers   'x-cache-hits': '0',
35 verbose headers   'x-timer': 'S1402745463.908794,VS0,VE676',
35 verbose headers   'keep-alive': 'timeout=10, max=50',
35 verbose headers   connection: 'Keep-Alive' }
36 error publish Failed PUT 403
37 error Error: forbidden cannot modify pre-existing version: 0.1.0
37 error old={"name":"arest","version":"0.1.0","description":"A Node.JS module for the aREST Arduino library","main":"index.js","scripts":{"test":"echo \"Error: no test specified\" && exit 1"},"repository":{"type":"git","url":"https://github.com/marcoschwartz/node-aREST"},"keywords":["arduino"],"author":{"name":"Marco Schwartz","email":"marcolivier.schwartz@gmail.com","url":"http://www.marcoschwartz.com/"},"license":"ISC","bugs":{"url":"https://github.com/marcoschwartz/node-aREST/issues"},"homepage":"https://github.com/marcoschwartz/node-aREST","gitHead":"45815d06d95f41b6c7e133110c9dd27bd00515d1","_id":"arest@0.1.0","_shasum":"d483f990e6a50a5cc28660add02dab02b8e38bc0","_from":".","_npmVersion":"1.4.13","_npmUser":{"name":"marcoschwartz","email":"marcolivier.schwartz@gmail.com"},"maintainers":[{"name":"marcoschwartz","email":"marcolivier.schwartz@gmail.com"}],"dist":{"shasum":"d483f990e6a50a5cc28660add02dab02b8e38bc0","tarball":"http://registry.npmjs.org/arest/-/arest-0.1.0.tgz"}}
37 error new={"name":"arest","version":"0.1.0","description":"A Node.JS module for the aREST Arduino library","main":"index.js","scripts":{"test":"echo \"Error: no test specified\" && exit 1"},"repository":{"type":"git","url":"https://github.com/marcoschwartz/node-aREST"},"keywords":["arduino"],"author":{"name":"Marco Schwartz","email":"marcolivier.schwartz@gmail.com","url":"http://www.marcoschwartz.com/"},"license":"ISC","bugs":{"url":"https://github.com/marcoschwartz/node-aREST/issues"},"homepage":"https://github.com/marcoschwartz/node-aREST","readme":"node-aREST\u000a==========\u000a\u000aNode.JS module for the aREST Arduino library\u000a","readmeFilename":"README.md","gitHead":"fd7fc85687748a23652a820369ce5c9dc70b7112","_id":"arest@0.1.0","_shasum":"cafcecb3563cffe68b0b6b817fbb3e01fdf2cbd2","_from":".","_npmVersion":"1.4.13","_npmUser":{"name":"marcoschwartz","email":"marcolivier.schwartz@gmail.com"},"maintainers":[{"name":"marcoschwartz","email":"marcolivier.schwartz@gmail.com"}],"dist":{"shasum":"cafcecb3563cffe68b0b6b817fbb3e01fdf2cbd2","tarball":"http://registry.npmjs.org/arest/-/arest-0.1.0.tgz"}}: arest
37 error     at RegClient.<anonymous> (/usr/local/lib/node_modules/npm/node_modules/npm-registry-client/lib/request.js:274:14)
37 error     at Request._callback (/usr/local/lib/node_modules/npm/node_modules/npm-registry-client/lib/request.js:212:65)
37 error     at Request.self.callback (/usr/local/lib/node_modules/npm/node_modules/request/request.js:123:22)
37 error     at Request.EventEmitter.emit (events.js:98:17)
37 error     at Request.<anonymous> (/usr/local/lib/node_modules/npm/node_modules/request/request.js:893:14)
37 error     at Request.EventEmitter.emit (events.js:117:20)
37 error     at IncomingMessage.<anonymous> (/usr/local/lib/node_modules/npm/node_modules/request/request.js:844:12)
37 error     at IncomingMessage.EventEmitter.emit (events.js:117:20)
37 error     at _stream_readable.js:919:16
37 error     at process._tickCallback (node.js:419:13)
38 error If you need help, you may report this *entire* log,
38 error including the npm and node versions, at:
38 error     <http://github.com/npm/npm/issues>
39 error System Darwin 13.2.0
40 error command "node" "/usr/local/bin/npm" "publish"
41 error cwd /Users/marco/Dropbox/Software/Node/node-aREST
42 error node -v v0.10.28
43 error npm -v 1.4.13
44 verbose exit [ 1, true ]
